-----------Panda Debug-----------
switch
for
end
{
	"6":""0"",
	"13":"0",
	"$0":" name='test.c' default='build'",
	"$2":" name='a' scope='global' value='1'",
	"$3":" name = 'b' scope='global' value='a'",
	"$5":" name = 'test' args='' return = 'int'",
	"$7":" name='main' args='' return = 'int'",
	"$8":" name='a' scope='local' value='1'",
	"$9":" name = 'b' scope = 'local' value = 'a'",
	"$10":" name='test' args=''",
	"$11":" name='a' value='1'",
	"$12":" name='printf'    args='{string:"%d",int:a}'",
	"$13":" fun='main'"
}
 name='test.c' default='build'
 name='a' scope='global' value='1'
 name = 'b' scope='global' value='a'
 name = 'test' args='' return = 'int'
 name='main' args='' return = 'int'
 name='a' scope='local' value='1'
 name = 'b' scope = 'local' value = 'a'
 name='test' args=''
 name='a' value='1'
 name='printf'    args='{string:"%d",int:a}'
 fun='main'
